c:\users\acign\documents\cse 687 projects\testing\project4\project4\debug\project4.pch
c:\users\acign\documents\cse 687 projects\testing\project4\project4\debug\vc141.pdb
c:\users\acign\documents\cse 687 projects\testing\project4\project4\debug\vc141.idb
c:\users\acign\documents\cse 687 projects\testing\project4\project4\debug\pch.obj
c:\users\acign\documents\cse 687 projects\testing\project4\project4\debug\mainpage.xaml.obj
c:\users\acign\documents\cse 687 projects\testing\project4\project4\debug\tinyxml2.obj
c:\users\acign\documents\cse 687 projects\testing\project4\project4\debug\xamltypeinfo.impl.g.obj
c:\users\acign\documents\cse 687 projects\testing\project4\project4\debug\testharness.obj
c:\users\acign\documents\cse 687 projects\testing\project4\project4\debug\app.xaml.obj
c:\users\acign\documents\cse 687 projects\testing\project4\project4\debug\xamltypeinfo.g.obj
c:\users\acign\documents\cse 687 projects\testing\project4\project4\debug\project4.tlog\project4.winmd.lastbuild
c:\users\acign\documents\cse 687 projects\testing\project4\debug\project4\project4.exe
c:\users\acign\documents\cse 687 projects\testing\project4\debug\project4\project4.ilk
c:\users\acign\documents\cse 687 projects\testing\project4\debug\project4\project4.pdb
c:\users\acign\documents\cse 687 projects\testing\project4\debug\project4\project4.winmd
c:\users\acign\documents\cse 687 projects\testing\project4\debug\project4\project4.lib
c:\users\acign\documents\cse 687 projects\testing\project4\debug\project4\project4.exp
c:\users\acign\documents\cse 687 projects\testing\project4\project4\debug\project4.vcxprojassemblyreference.cache
c:\users\acign\documents\cse 687 projects\testing\project4\project4\generated files\app.g.h
c:\users\acign\documents\cse 687 projects\testing\project4\project4\generated files\mainpage.g.h
c:\users\acign\documents\cse 687 projects\testing\project4\project4\generated files\xamllibmetadataprovider.g.cpp
c:\users\acign\documents\cse 687 projects\testing\project4\project4\generated files\xamltypeinfo.impl.g.cpp
c:\users\acign\documents\cse 687 projects\testing\project4\project4\generated files\app.xaml
c:\users\acign\documents\cse 687 projects\testing\project4\project4\generated files\mainpage.xaml
c:\users\acign\documents\cse 687 projects\testing\project4\project4\generated files\app.xbf
c:\users\acign\documents\cse 687 projects\testing\project4\project4\generated files\mainpage.xbf
c:\users\acign\documents\cse 687 projects\testing\project4\project4\debug\xamlsavestatefile.xml
c:\users\acign\documents\cse 687 projects\testing\project4\project4\generated files\xamltypeinfo.g.cpp
c:\users\acign\documents\cse 687 projects\testing\project4\debug\project4\app.xbf
c:\users\acign\documents\cse 687 projects\testing\project4\debug\project4\mainpage.xbf
c:\users\acign\documents\cse 687 projects\testing\project4\project4\debug\resourcehandlingtask.state
c:\users\acign\documents\cse 687 projects\testing\project4\project4\debug\project4.vcxproj.generateresource.cache
c:\users\acign\documents\cse 687 projects\testing\project4\project4\debug\priconfig.xml
c:\users\acign\documents\cse 687 projects\testing\project4\project4\debug\priconfig.xml.intermediate
c:\users\acign\documents\cse 687 projects\testing\project4\project4\debug\unfiltered.layout.resfiles
c:\users\acign\documents\cse 687 projects\testing\project4\project4\debug\unfiltered.layout.resfiles.intermediate
c:\users\acign\documents\cse 687 projects\testing\project4\project4\debug\filtered.layout.resfiles
c:\users\acign\documents\cse 687 projects\testing\project4\project4\debug\filtered.layout.resfiles.intermediate
c:\users\acign\documents\cse 687 projects\testing\project4\project4\debug\excluded.layout.resfiles
c:\users\acign\documents\cse 687 projects\testing\project4\project4\debug\excluded.layout.resfiles.intermediate
c:\users\acign\documents\cse 687 projects\testing\project4\project4\debug\resources.resfiles
c:\users\acign\documents\cse 687 projects\testing\project4\project4\debug\resources.resfiles.intermediate
c:\users\acign\documents\cse 687 projects\testing\project4\project4\debug\pri.resfiles
c:\users\acign\documents\cse 687 projects\testing\project4\project4\debug\pri.resfiles.intermediate
c:\users\acign\documents\cse 687 projects\testing\project4\debug\project4\resources.pri
c:\users\acign\documents\cse 687 projects\testing\project4\project4\debug\qualifiers.txt
c:\users\acign\documents\cse 687 projects\testing\project4\project4\debug\qualifiers.txt.intermediate
c:\users\acign\documents\cse 687 projects\testing\project4\project4\debug\multiplequalifiersperdimensionfound.txt
c:\users\acign\documents\cse 687 projects\testing\project4\project4\debug\projectarchitectures.txt
c:\users\acign\documents\cse 687 projects\testing\project4\debug\project4\appxmanifest.xml
c:\users\acign\documents\cse 687 projects\testing\project4\debug\project4\project4.build.appxrecipe
c:\users\acign\documents\cse 687 projects\testing\project4\project4\debug\project4.tlog\cl.command.1.tlog
c:\users\acign\documents\cse 687 projects\testing\project4\project4\debug\project4.tlog\cl.read.1.tlog
c:\users\acign\documents\cse 687 projects\testing\project4\project4\debug\project4.tlog\cl.write.1.tlog
c:\users\acign\documents\cse 687 projects\testing\project4\project4\debug\project4.tlog\link.command.1.tlog
c:\users\acign\documents\cse 687 projects\testing\project4\project4\debug\project4.tlog\link.read.1.tlog
c:\users\acign\documents\cse 687 projects\testing\project4\project4\debug\project4.tlog\link.write.1.tlog
c:\users\acign\documents\cse 687 projects\testing\project4\project4\debug\project4.tlog\project4.read.1u.tlog
c:\users\acign\documents\cse 687 projects\testing\project4\project4\debug\project4.tlog\project4.write.1u.tlog
c:\users\acign\documents\cse 687 projects\testing\project4\project4\debug\project4.tlog\xaml.read.1u.tlog
c:\users\acign\documents\cse 687 projects\testing\project4\project4\generated files\xamlbindinginfo.g.h
c:\users\acign\documents\cse 687 projects\testing\project4\project4\generated files\xamltypeinfo.g.h
